mode: set
reddit_backend/cmd/reddit_backend/main.go:27.13,41.16 6 0
reddit_backend/cmd/reddit_backend/main.go:41.16,43.3 1 0
reddit_backend/cmd/reddit_backend/main.go:46.2,50.16 5 0
reddit_backend/cmd/reddit_backend/main.go:50.16,52.3 1 0
reddit_backend/cmd/reddit_backend/main.go:53.2,55.16 3 0
reddit_backend/cmd/reddit_backend/main.go:55.16,57.3 1 0
reddit_backend/cmd/reddit_backend/main.go:60.2,62.16 3 0
reddit_backend/cmd/reddit_backend/main.go:62.16,64.3 1 0
reddit_backend/cmd/reddit_backend/main.go:65.2,81.22 6 0
reddit_backend/cmd/reddit_backend/main.go:84.99,134.2 41 1
reddit_backend/pkg/posts/posts_handlers.go:32.64,34.74 2 0
reddit_backend/pkg/posts/posts_handlers.go:34.74,36.3 1 0
reddit_backend/pkg/posts/posts_handlers.go:37.2,37.58 1 0
reddit_backend/pkg/posts/posts_handlers.go:40.66,44.47 4 0
reddit_backend/pkg/posts/posts_handlers.go:44.47,46.3 1 0
reddit_backend/pkg/posts/posts_handlers.go:48.2,48.58 1 0
reddit_backend/pkg/posts/posts_handlers.go:51.76,55.74 4 1
reddit_backend/pkg/posts/posts_handlers.go:55.74,57.3 1 1
reddit_backend/pkg/posts/posts_handlers.go:58.2,58.58 1 1
reddit_backend/pkg/posts/posts_handlers.go:61.70,65.47 4 0
reddit_backend/pkg/posts/posts_handlers.go:65.47,67.3 1 0
reddit_backend/pkg/posts/posts_handlers.go:68.2,68.58 1 0
reddit_backend/pkg/posts/posts_handlers.go:71.68,73.47 2 1
reddit_backend/pkg/posts/posts_handlers.go:73.47,75.3 1 1
reddit_backend/pkg/posts/posts_handlers.go:76.2,77.43 2 1
reddit_backend/pkg/posts/posts_handlers.go:77.43,79.3 1 0
reddit_backend/pkg/posts/posts_handlers.go:81.2,82.74 2 1
reddit_backend/pkg/posts/posts_handlers.go:82.74,84.3 1 1
reddit_backend/pkg/posts/posts_handlers.go:85.2,85.64 1 1
reddit_backend/pkg/posts/posts_handlers.go:88.68,92.47 4 1
reddit_backend/pkg/posts/posts_handlers.go:92.47,94.3 1 1
reddit_backend/pkg/posts/posts_handlers.go:95.2,96.47 2 1
reddit_backend/pkg/posts/posts_handlers.go:96.47,98.3 1 0
reddit_backend/pkg/posts/posts_handlers.go:99.2,99.90 1 1
reddit_backend/pkg/posts/posts_handlers.go:102.71,107.47 5 0
reddit_backend/pkg/posts/posts_handlers.go:107.47,109.3 1 0
reddit_backend/pkg/posts/posts_handlers.go:110.2,110.63 1 0
reddit_backend/pkg/posts/posts_handlers.go:113.71,117.47 4 1
reddit_backend/pkg/posts/posts_handlers.go:117.47,119.3 1 1
reddit_backend/pkg/posts/posts_handlers.go:120.2,121.46 2 1
reddit_backend/pkg/posts/posts_handlers.go:121.46,123.3 1 0
reddit_backend/pkg/posts/posts_handlers.go:124.2,125.47 2 1
reddit_backend/pkg/posts/posts_handlers.go:125.47,127.3 1 0
reddit_backend/pkg/posts/posts_handlers.go:128.2,128.64 1 1
reddit_backend/pkg/posts/posts_handlers.go:131.68,133.47 2 1
reddit_backend/pkg/posts/posts_handlers.go:133.47,135.3 1 1
reddit_backend/pkg/posts/posts_handlers.go:135.8,135.54 1 1
reddit_backend/pkg/posts/posts_handlers.go:135.54,137.3 1 1
reddit_backend/pkg/posts/posts_handlers.go:137.8,139.3 1 0
reddit_backend/pkg/posts/posts_handlers.go:140.2,143.47 4 1
reddit_backend/pkg/posts/posts_handlers.go:143.47,145.3 1 0
reddit_backend/pkg/posts/posts_handlers.go:146.2,147.47 2 1
reddit_backend/pkg/posts/posts_handlers.go:147.47,149.3 1 0
reddit_backend/pkg/posts/posts_handlers.go:150.2,151.47 2 1
reddit_backend/pkg/posts/posts_handlers.go:151.47,153.3 1 0
reddit_backend/pkg/posts/posts_handlers.go:154.2,154.59 1 1
reddit_backend/pkg/posts/posts_services.go:10.96,32.16 3 1
reddit_backend/pkg/posts/posts_services.go:32.16,34.3 1 1
reddit_backend/pkg/posts/posts_services.go:36.2,36.20 1 1
reddit_backend/pkg/posts/posts_services.go:39.125,41.16 2 1
reddit_backend/pkg/posts/posts_services.go:41.16,43.3 1 0
reddit_backend/pkg/posts/posts_services.go:44.2,55.16 7 1
reddit_backend/pkg/posts/posts_services.go:55.16,57.3 1 0
reddit_backend/pkg/posts/posts_services.go:58.2,58.18 1 1
reddit_backend/pkg/posts/posts_services.go:61.104,63.16 2 0
reddit_backend/pkg/posts/posts_services.go:63.16,65.3 1 0
reddit_backend/pkg/posts/posts_services.go:66.2,68.29 3 0
reddit_backend/pkg/posts/posts_services.go:68.29,69.24 1 0
reddit_backend/pkg/posts/posts_services.go:69.24,73.4 3 0
reddit_backend/pkg/posts/posts_services.go:75.2,77.16 3 0
reddit_backend/pkg/posts/posts_services.go:77.16,79.3 1 0
reddit_backend/pkg/posts/posts_services.go:80.2,80.18 1 0
reddit_backend/pkg/posts/posts_services.go:83.110,88.14 5 1
reddit_backend/pkg/posts/posts_services.go:88.14,89.27 1 1
reddit_backend/pkg/posts/posts_services.go:89.27,90.25 1 1
reddit_backend/pkg/posts/posts_services.go:90.25,94.5 3 1
reddit_backend/pkg/posts/posts_services.go:97.2,98.26 2 1
reddit_backend/pkg/posts/posts_services.go:98.26,99.24 1 1
reddit_backend/pkg/posts/posts_services.go:99.24,102.4 2 1
reddit_backend/pkg/posts/posts_services.go:103.3,103.25 1 1
reddit_backend/pkg/posts/posts_services.go:103.25,105.4 1 1
reddit_backend/pkg/posts/posts_services.go:106.3,106.32 1 1
reddit_backend/pkg/posts/posts_services.go:108.2,108.28 1 1
reddit_backend/pkg/posts/posts_services.go:108.28,110.15 2 0
reddit_backend/pkg/posts/posts_services.go:110.15,112.4 1 0
reddit_backend/pkg/posts/posts_services.go:113.3,113.22 1 0
reddit_backend/pkg/posts/posts_services.go:115.2,116.20 2 1
reddit_backend/pkg/posts/posts_services.go:116.20,118.3 1 1
reddit_backend/pkg/posts/posts_services.go:118.8,120.3 1 1
reddit_backend/pkg/posts/posts_services.go:121.2,123.16 3 1
reddit_backend/pkg/posts/posts_services.go:123.16,125.3 1 0
reddit_backend/pkg/posts/posts_services.go:126.2,126.18 1 1
reddit_backend/pkg/posts/postsdb_mock.go:18.94,22.82 3 1
reddit_backend/pkg/posts/postsdb_mock.go:22.82,24.3 1 0
reddit_backend/pkg/posts/postsdb_mock.go:24.8,26.3 1 1
reddit_backend/pkg/posts/postsdb_mock.go:28.2,28.11 1 1
reddit_backend/pkg/posts/postsdb_mock.go:32.72,36.71 3 1
reddit_backend/pkg/posts/postsdb_mock.go:36.71,38.3 1 0
reddit_backend/pkg/posts/postsdb_mock.go:38.8,40.3 1 1
reddit_backend/pkg/posts/postsdb_mock.go:42.2,42.11 1 1
reddit_backend/pkg/posts/postsdb_mock.go:46.72,50.68 3 1
reddit_backend/pkg/posts/postsdb_mock.go:50.68,52.3 1 0
reddit_backend/pkg/posts/postsdb_mock.go:52.8,54.3 1 1
reddit_backend/pkg/posts/postsdb_mock.go:56.2,56.11 1 1
reddit_backend/pkg/posts/postsdb_mock.go:60.73,65.75 4 0
reddit_backend/pkg/posts/postsdb_mock.go:65.75,67.3 1 0
reddit_backend/pkg/posts/postsdb_mock.go:68.2,68.66 1 0
reddit_backend/pkg/posts/postsdb_mock.go:68.66,70.3 1 0
reddit_backend/pkg/posts/postsdb_mock.go:70.8,71.24 1 0
reddit_backend/pkg/posts/postsdb_mock.go:71.24,73.4 1 0
reddit_backend/pkg/posts/postsdb_mock.go:76.2,76.60 1 0
reddit_backend/pkg/posts/postsdb_mock.go:76.60,78.3 1 0
reddit_backend/pkg/posts/postsdb_mock.go:78.8,80.3 1 0
reddit_backend/pkg/posts/postsdb_mock.go:82.2,82.15 1 0
reddit_backend/pkg/posts/postsdb_mock.go:86.97,91.83 4 1
reddit_backend/pkg/posts/postsdb_mock.go:91.83,93.3 1 0
reddit_backend/pkg/posts/postsdb_mock.go:94.2,94.74 1 1
reddit_backend/pkg/posts/postsdb_mock.go:94.74,96.3 1 0
reddit_backend/pkg/posts/postsdb_mock.go:96.8,97.24 1 1
reddit_backend/pkg/posts/postsdb_mock.go:97.24,99.4 1 1
reddit_backend/pkg/posts/postsdb_mock.go:102.2,102.68 1 1
reddit_backend/pkg/posts/postsdb_mock.go:102.68,104.3 1 0
reddit_backend/pkg/posts/postsdb_mock.go:104.8,106.3 1 1
reddit_backend/pkg/posts/postsdb_mock.go:108.2,108.15 1 1
reddit_backend/pkg/posts/postsdb_mock.go:112.83,117.81 4 1
reddit_backend/pkg/posts/postsdb_mock.go:117.81,119.3 1 0
reddit_backend/pkg/posts/postsdb_mock.go:120.2,120.72 1 1
reddit_backend/pkg/posts/postsdb_mock.go:120.72,122.3 1 0
reddit_backend/pkg/posts/postsdb_mock.go:122.8,124.3 1 1
reddit_backend/pkg/posts/postsdb_mock.go:126.2,126.68 1 1
reddit_backend/pkg/posts/postsdb_mock.go:126.68,128.3 1 0
reddit_backend/pkg/posts/postsdb_mock.go:128.8,130.3 1 1
reddit_backend/pkg/posts/postsdb_mock.go:132.2,132.15 1 1
reddit_backend/pkg/posts/postsdb_mock.go:136.93,141.83 4 0
reddit_backend/pkg/posts/postsdb_mock.go:141.83,143.3 1 0
reddit_backend/pkg/posts/postsdb_mock.go:144.2,144.74 1 0
reddit_backend/pkg/posts/postsdb_mock.go:144.74,146.3 1 0
reddit_backend/pkg/posts/postsdb_mock.go:146.8,147.24 1 0
reddit_backend/pkg/posts/postsdb_mock.go:147.24,149.4 1 0
reddit_backend/pkg/posts/postsdb_mock.go:152.2,152.68 1 0
reddit_backend/pkg/posts/postsdb_mock.go:152.68,154.3 1 0
reddit_backend/pkg/posts/postsdb_mock.go:154.8,156.3 1 0
reddit_backend/pkg/posts/postsdb_mock.go:158.2,158.15 1 0
reddit_backend/pkg/posts/postsdb_mock.go:162.72,166.71 3 1
reddit_backend/pkg/posts/postsdb_mock.go:166.71,168.3 1 0
reddit_backend/pkg/posts/postsdb_mock.go:168.8,170.3 1 1
reddit_backend/pkg/posts/postsdb_mock.go:172.2,172.11 1 1
reddit_backend/pkg/posts/postsdb_mock.go:181.60,185.19 3 0
reddit_backend/pkg/posts/postsdb_mock.go:185.19,185.49 1 0
reddit_backend/pkg/posts/postsdb_mock.go:187.2,187.13 1 0
reddit_backend/pkg/repo/mongodb_abstract_layer.go:60.61,62.2 1 0
reddit_backend/pkg/repo/mongodb_abstract_layer.go:64.59,66.2 1 0
reddit_backend/pkg/repo/mongodb_abstract_layer.go:68.57,70.2 1 0
reddit_backend/pkg/repo/mongodb_abstract_layer.go:72.55,74.2 1 0
reddit_backend/pkg/repo/mongodb_abstract_layer.go:76.54,78.2 1 0
reddit_backend/pkg/repo/mongodb_abstract_layer.go:79.76,81.2 1 0
reddit_backend/pkg/repo/mongodb_abstract_layer.go:83.126,86.2 2 0
reddit_backend/pkg/repo/mongodb_abstract_layer.go:88.129,91.2 2 0
reddit_backend/pkg/repo/mongodb_abstract_layer.go:93.139,96.2 2 0
reddit_backend/pkg/repo/mongodb_abstract_layer.go:98.159,101.2 2 0
reddit_backend/pkg/repo/mongodb_abstract_layer.go:102.146,105.2 2 0
reddit_backend/pkg/repo/mongodb_abstract_layer_mock.go:27.73,31.2 3 0
reddit_backend/pkg/repo/mongodb_abstract_layer_mock.go:34.71,36.2 1 0
reddit_backend/pkg/repo/mongodb_abstract_layer_mock.go:39.71,44.2 4 0
reddit_backend/pkg/repo/mongodb_abstract_layer_mock.go:47.85,50.2 2 0
reddit_backend/pkg/repo/mongodb_abstract_layer_mock.go:64.77,68.2 3 1
reddit_backend/pkg/repo/mongodb_abstract_layer_mock.go:71.75,73.2 1 1
reddit_backend/pkg/repo/mongodb_abstract_layer_mock.go:76.143,79.25 3 0
reddit_backend/pkg/repo/mongodb_abstract_layer_mock.go:79.25,81.3 1 0
reddit_backend/pkg/repo/mongodb_abstract_layer_mock.go:82.2,85.19 4 0
reddit_backend/pkg/repo/mongodb_abstract_layer_mock.go:89.114,93.2 3 0
reddit_backend/pkg/repo/mongodb_abstract_layer_mock.go:96.130,99.25 3 1
reddit_backend/pkg/repo/mongodb_abstract_layer_mock.go:99.25,101.3 1 0
reddit_backend/pkg/repo/mongodb_abstract_layer_mock.go:102.2,105.19 4 1
reddit_backend/pkg/repo/mongodb_abstract_layer_mock.go:109.109,113.2 3 1
reddit_backend/pkg/repo/mongodb_abstract_layer_mock.go:116.133,119.25 3 1
reddit_backend/pkg/repo/mongodb_abstract_layer_mock.go:119.25,121.3 1 0
reddit_backend/pkg/repo/mongodb_abstract_layer_mock.go:122.2,124.13 3 1
reddit_backend/pkg/repo/mongodb_abstract_layer_mock.go:128.112,132.2 3 1
reddit_backend/pkg/repo/mongodb_abstract_layer_mock.go:135.150,138.25 3 0
reddit_backend/pkg/repo/mongodb_abstract_layer_mock.go:138.25,140.3 1 0
reddit_backend/pkg/repo/mongodb_abstract_layer_mock.go:141.2,144.19 4 0
reddit_backend/pkg/repo/mongodb_abstract_layer_mock.go:148.116,152.2 3 0
reddit_backend/pkg/repo/mongodb_abstract_layer_mock.go:155.151,158.25 3 1
reddit_backend/pkg/repo/mongodb_abstract_layer_mock.go:158.25,160.3 1 0
reddit_backend/pkg/repo/mongodb_abstract_layer_mock.go:161.2,164.19 4 1
reddit_backend/pkg/repo/mongodb_abstract_layer_mock.go:168.122,172.2 3 1
reddit_backend/pkg/repo/mongodb_abstract_layer_mock.go:186.81,190.2 3 1
reddit_backend/pkg/repo/mongodb_abstract_layer_mock.go:193.79,195.2 1 1
reddit_backend/pkg/repo/mongodb_abstract_layer_mock.go:198.62,203.2 4 1
reddit_backend/pkg/repo/mongodb_abstract_layer_mock.go:206.82,209.2 2 1
reddit_backend/pkg/repo/mongodb_abstract_layer_mock.go:223.81,227.2 3 0
reddit_backend/pkg/repo/mongodb_abstract_layer_mock.go:230.79,232.2 1 0
reddit_backend/pkg/repo/mongodb_abstract_layer_mock.go:246.81,250.2 3 1
reddit_backend/pkg/repo/mongodb_abstract_layer_mock.go:253.79,255.2 1 0
reddit_backend/pkg/repo/mongodb_abstract_layer_mock.go:258.64,263.2 4 0
reddit_backend/pkg/repo/mongodb_abstract_layer_mock.go:266.89,269.2 2 0
reddit_backend/pkg/repo/mongodb_abstract_layer_mock.go:283.69,287.2 3 1
reddit_backend/pkg/repo/mongodb_abstract_layer_mock.go:290.67,292.2 1 1
reddit_backend/pkg/repo/mongodb_abstract_layer_mock.go:295.80,300.2 4 1
reddit_backend/pkg/repo/mongodb_abstract_layer_mock.go:303.84,306.2 2 1
reddit_backend/pkg/repo/mongodb_abstract_layer_mock.go:309.62,314.2 4 0
reddit_backend/pkg/repo/mongodb_abstract_layer_mock.go:317.78,320.2 2 0
reddit_backend/pkg/repo/mongodb_abstract_layer_mock.go:323.59,328.2 4 0
reddit_backend/pkg/repo/mongodb_abstract_layer_mock.go:331.79,334.2 2 0
reddit_backend/pkg/repo/mongodb_abstract_layer_mock.go:337.60,342.2 4 0
reddit_backend/pkg/repo/mongodb_abstract_layer_mock.go:345.77,348.2 2 0
reddit_backend/pkg/repo/post_map.go:14.71,17.28 3 0
reddit_backend/pkg/repo/post_map.go:17.28,18.29 1 0
reddit_backend/pkg/repo/post_map.go:18.29,20.4 1 0
reddit_backend/pkg/repo/post_map.go:22.2,23.47 2 0
reddit_backend/pkg/repo/post_map.go:23.47,25.3 1 0
reddit_backend/pkg/repo/post_map.go:26.2,26.20 1 0
reddit_backend/pkg/repo/post_map.go:29.57,33.9 4 0
reddit_backend/pkg/repo/post_map.go:33.9,35.3 1 0
reddit_backend/pkg/repo/post_map.go:36.2,36.19 1 0
reddit_backend/pkg/repo/post_map.go:39.51,44.2 4 0
reddit_backend/pkg/repo/post_map.go:46.47,51.2 4 0
reddit_backend/pkg/repo/post_map.go:53.47,58.2 4 0
reddit_backend/pkg/repo/post_map.go:60.49,63.32 3 0
reddit_backend/pkg/repo/post_map.go:63.32,65.3 1 0
reddit_backend/pkg/repo/post_map.go:66.2,67.42 2 0
reddit_backend/pkg/repo/post_map.go:67.42,69.3 1 0
reddit_backend/pkg/repo/post_map.go:70.2,70.15 1 0
reddit_backend/pkg/repo/post_map.go:73.67,76.28 3 0
reddit_backend/pkg/repo/post_map.go:76.28,77.36 1 0
reddit_backend/pkg/repo/post_map.go:77.36,79.4 1 0
reddit_backend/pkg/repo/post_map.go:82.2,83.47 2 0
reddit_backend/pkg/repo/post_map.go:83.47,85.3 1 0
reddit_backend/pkg/repo/post_map.go:86.2,86.20 1 0
reddit_backend/pkg/repo/post_mongo.go:18.94,21.16 3 1
reddit_backend/pkg/repo/post_mongo.go:21.16,24.3 2 1
reddit_backend/pkg/repo/post_mongo.go:26.2,27.16 2 1
reddit_backend/pkg/repo/post_mongo.go:27.16,30.3 2 0
reddit_backend/pkg/repo/post_mongo.go:32.2,32.47 1 1
reddit_backend/pkg/repo/post_mongo.go:32.47,34.3 1 0
reddit_backend/pkg/repo/post_mongo.go:35.2,35.20 1 1
reddit_backend/pkg/repo/post_mongo.go:38.80,41.16 3 1
reddit_backend/pkg/repo/post_mongo.go:41.16,42.53 1 1
reddit_backend/pkg/repo/post_mongo.go:42.53,44.4 1 0
reddit_backend/pkg/repo/post_mongo.go:45.3,46.21 2 1
reddit_backend/pkg/repo/post_mongo.go:48.2,48.19 1 1
reddit_backend/pkg/repo/post_mongo.go:51.74,53.16 2 0
reddit_backend/pkg/repo/post_mongo.go:53.16,56.3 2 0
reddit_backend/pkg/repo/post_mongo.go:57.2,57.12 1 0
reddit_backend/pkg/repo/post_mongo.go:60.70,64.16 2 1
reddit_backend/pkg/repo/post_mongo.go:64.16,67.3 2 1
reddit_backend/pkg/repo/post_mongo.go:68.2,68.12 1 1
reddit_backend/pkg/repo/post_mongo.go:71.91,77.16 2 0
reddit_backend/pkg/repo/post_mongo.go:77.16,80.3 2 0
reddit_backend/pkg/repo/post_mongo.go:81.2,81.12 1 0
reddit_backend/pkg/repo/post_mongo.go:84.70,86.16 2 0
reddit_backend/pkg/repo/post_mongo.go:86.16,89.3 2 0
reddit_backend/pkg/repo/post_mongo.go:90.2,90.12 1 0
reddit_backend/pkg/repo/post_mongo.go:93.70,96.16 3 1
reddit_backend/pkg/repo/post_mongo.go:96.16,99.3 2 0
reddit_backend/pkg/repo/post_mongo.go:100.2,101.16 2 1
reddit_backend/pkg/repo/post_mongo.go:101.16,104.3 2 1
reddit_backend/pkg/repo/post_mongo.go:105.2,105.46 1 1
reddit_backend/pkg/repo/post_mongo.go:105.46,107.3 1 0
reddit_backend/pkg/repo/post_mongo.go:108.2,108.19 1 1
reddit_backend/pkg/repo/post_mongo.go:111.90,114.16 3 1
reddit_backend/pkg/repo/post_mongo.go:114.16,117.3 2 1
reddit_backend/pkg/repo/post_mongo.go:119.2,120.16 2 1
reddit_backend/pkg/repo/post_mongo.go:120.16,123.3 2 0
reddit_backend/pkg/repo/post_mongo.go:125.2,125.47 1 1
reddit_backend/pkg/repo/post_mongo.go:125.47,127.3 1 0
reddit_backend/pkg/repo/post_mongo.go:128.2,128.20 1 1
reddit_backend/pkg/repo/repo_manager.go:9.85,15.2 5 0
reddit_backend/pkg/repo/session_map.go:12.69,16.9 4 0
reddit_backend/pkg/repo/session_map.go:16.9,21.3 4 0
reddit_backend/pkg/repo/session_map.go:22.2,25.12 4 0
reddit_backend/pkg/repo/session_map.go:28.79,32.8 4 0
reddit_backend/pkg/repo/session_map.go:32.8,33.44 1 0
reddit_backend/pkg/repo/session_map.go:33.44,34.18 1 0
reddit_backend/pkg/repo/session_map.go:34.18,36.5 1 0
reddit_backend/pkg/repo/session_map.go:39.2,39.19 1 0
reddit_backend/pkg/repo/session_redis.go:17.97,19.16 2 0
reddit_backend/pkg/repo/session_redis.go:19.16,22.3 1 0
reddit_backend/pkg/repo/session_redis.go:23.2,25.16 3 0
reddit_backend/pkg/repo/session_redis.go:25.16,28.3 2 0
reddit_backend/pkg/repo/session_redis.go:29.2,29.12 1 0
reddit_backend/pkg/repo/session_redis.go:32.107,34.16 2 0
reddit_backend/pkg/repo/session_redis.go:34.16,35.44 1 0
reddit_backend/pkg/repo/session_redis.go:35.44,37.4 1 0
reddit_backend/pkg/repo/session_redis.go:38.3,39.20 2 0
reddit_backend/pkg/repo/session_redis.go:42.2,42.18 1 0
reddit_backend/pkg/repo/session_redis.go:45.85,47.16 2 0
reddit_backend/pkg/repo/session_redis.go:47.16,50.3 2 0
reddit_backend/pkg/repo/session_redis.go:52.2,52.22 1 0
reddit_backend/pkg/repo/session_redis.go:52.22,55.17 3 0
reddit_backend/pkg/repo/session_redis.go:55.17,57.12 2 0
reddit_backend/pkg/repo/session_redis.go:60.3,60.27 1 0
reddit_backend/pkg/repo/session_redis.go:60.27,62.18 2 0
reddit_backend/pkg/repo/session_redis.go:62.18,64.13 2 0
reddit_backend/pkg/repo/session_redis.go:68.2,68.12 1 0
reddit_backend/pkg/repo/user_map.go:13.90,17.8 4 0
reddit_backend/pkg/repo/user_map.go:17.8,19.3 1 0
reddit_backend/pkg/repo/user_map.go:20.2,23.31 4 0
reddit_backend/pkg/repo/user_map.go:26.86,30.9 4 0
reddit_backend/pkg/repo/user_map.go:30.9,32.3 1 0
reddit_backend/pkg/repo/user_map.go:33.2,33.31 1 0
reddit_backend/pkg/repo/user_map.go:33.31,35.3 1 0
reddit_backend/pkg/repo/user_map.go:36.2,36.18 1 0
reddit_backend/pkg/repo/user_mysql.go:15.113,19.16 4 1
reddit_backend/pkg/repo/user_mysql.go:19.16,21.3 1 1
reddit_backend/pkg/repo/user_mysql.go:22.2,22.40 1 1
reddit_backend/pkg/repo/user_mysql.go:22.40,25.3 2 1
reddit_backend/pkg/repo/user_mysql.go:26.2,28.16 3 1
reddit_backend/pkg/repo/user_mysql.go:28.16,31.3 2 1
reddit_backend/pkg/repo/user_mysql.go:32.2,32.18 1 1
reddit_backend/pkg/repo/user_mysql.go:35.109,39.16 4 1
reddit_backend/pkg/repo/user_mysql.go:39.16,40.27 1 1
reddit_backend/pkg/repo/user_mysql.go:40.27,42.4 1 1
reddit_backend/pkg/repo/user_mysql.go:43.3,44.18 2 1
reddit_backend/pkg/repo/user_mysql.go:46.2,46.31 1 1
reddit_backend/pkg/repo/user_mysql.go:46.31,48.3 1 1
reddit_backend/pkg/repo/user_mysql.go:49.2,49.18 1 1
reddit_backend/pkg/users/users_handlers.go:23.68,25.46 2 1
reddit_backend/pkg/users/users_handlers.go:25.46,27.3 1 1
reddit_backend/pkg/users/users_handlers.go:28.2,29.16 2 1
reddit_backend/pkg/users/users_handlers.go:29.16,30.32 1 1
reddit_backend/pkg/users/users_handlers.go:30.32,37.4 2 1
reddit_backend/pkg/users/users_handlers.go:38.3,39.9 2 1
reddit_backend/pkg/users/users_handlers.go:41.2,41.90 1 1
reddit_backend/pkg/users/users_handlers.go:44.63,46.46 2 1
reddit_backend/pkg/users/users_handlers.go:46.46,48.3 1 1
reddit_backend/pkg/users/users_handlers.go:49.2,50.67 2 1
reddit_backend/pkg/users/users_handlers.go:50.67,52.3 1 1
reddit_backend/pkg/users/users_handlers.go:53.2,54.16 2 1
reddit_backend/pkg/users/users_handlers.go:54.16,57.3 2 1
reddit_backend/pkg/users/users_handlers.go:58.2,58.85 1 1
reddit_backend/pkg/users/users_services.go:8.83,10.16 2 1
reddit_backend/pkg/users/users_services.go:10.16,12.3 1 1
reddit_backend/pkg/users/users_services.go:13.2,14.16 2 1
reddit_backend/pkg/users/users_services.go:14.16,16.3 1 1
reddit_backend/pkg/users/users_services.go:17.2,17.19 1 1
reddit_backend/pkg/users/usersdb_mock.go:27.57,31.2 3 1
reddit_backend/pkg/users/usersdb_mock.go:34.55,36.2 1 1
reddit_backend/pkg/users/usersdb_mock.go:39.108,45.2 5 1
reddit_backend/pkg/users/usersdb_mock.go:48.103,51.2 2 1
reddit_backend/pkg/users/usersdb_mock.go:54.105,60.2 5 1
reddit_backend/pkg/users/usersdb_mock.go:63.100,66.2 2 1
